[2019-11-28 10:33:25] laravel.EMERGENCY: Unable to create configured logger. Using emergency logger. {"exception":"[object] (InvalidArgumentException(code: 0): Log [] is not defined. at C:\\Users\\August Lin\\Documents\\GitHub\\Mitter\\Laravel\\Mitter\\vendor\\laravel\\framework\\src\\Illuminate\\Log\\LogManager.php:184)
[stacktrace]
#0 C:\\Users\\August Lin\\Documents\\GitHub\\Mitter\\Laravel\\Mitter\\vendor\\laravel\\framework\\src\\Illuminate\\Log\\LogManager.php(118): Illuminate\\Log\\LogManager->resolve(NULL)
#1 C:\\Users\\August Lin\\Documents\\GitHub\\Mitter\\Laravel\\Mitter\\vendor\\laravel\\framework\\src\\Illuminate\\Log\\LogManager.php(98): Illuminate\\Log\\LogManager->get(NULL)
#2 C:\\Users\\August Lin\\Documents\\GitHub\\Mitter\\Laravel\\Mitter\\vendor\\laravel\\framework\\src\\Illuminate\\Log\\LogManager.php(539): Illuminate\\Log\\LogManager->driver()
#3 C:\\Users\\August Lin\\Documents\\GitHub\\Mitter\\Laravel\\Mitter\\vendor\\laravel\\framework\\src\\Illuminate\\Foundation\\Exceptions\\Handler.php(118): Illuminate\\Log\\LogManager->error('Call to undefin...', Array)
#4 C:\\Users\\August Lin\\Documents\\GitHub\\Mitter\\Laravel\\Mitter\\app\\Exceptions\\Handler.php(37): Illuminate\\Foundation\\Exceptions\\Handler->report(Object(Symfony\\Component\\Debug\\Exception\\FatalThrowableError))
#5 C:\\Users\\August Lin\\Documents\\GitHub\\Mitter\\Laravel\\Mitter\\vendor\\laravel\\framework\\src\\Illuminate\\Foundation\\Console\\Kernel.php(376): App\\Exceptions\\Handler->report(Object(Symfony\\Component\\Debug\\Exception\\FatalThrowableError))
#6 C:\\Users\\August Lin\\Documents\\GitHub\\Mitter\\Laravel\\Mitter\\vendor\\laravel\\framework\\src\\Illuminate\\Foundation\\Console\\Kernel.php(141): Illuminate\\Foundation\\Console\\Kernel->reportException(Object(Symfony\\Component\\Debug\\Exception\\FatalThrowableError))
#7 C:\\Users\\August Lin\\Documents\\GitHub\\Mitter\\Laravel\\Mitter\\artisan(37): Illuminate\\Foundation\\Console\\Kernel->handle(Object(Symfony\\Component\\Console\\Input\\ArgvInput), Object(Symfony\\Component\\Console\\Output\\ConsoleOutput))
#8 {main}
"} 
[2019-11-28 10:33:25] laravel.ERROR: Call to undefined function publlic_path() {"exception":"[object] (Symfony\\Component\\Debug\\Exception\\FatalThrowableError(code: 0): Call to undefined function publlic_path() at C:\\Users\\August Lin\\Documents\\GitHub\\Mitter\\Laravel\\Mitter\\config\\filesystems.php:54)
[stacktrace]
#0 C:\\Users\\August Lin\\Documents\\GitHub\\Mitter\\Laravel\\Mitter\\vendor\\laravel\\framework\\src\\Illuminate\\Foundation\\Bootstrap\\LoadConfiguration.php(72): require()
#1 C:\\Users\\August Lin\\Documents\\GitHub\\Mitter\\Laravel\\Mitter\\vendor\\laravel\\framework\\src\\Illuminate\\Foundation\\Bootstrap\\LoadConfiguration.php(39): Illuminate\\Foundation\\Bootstrap\\LoadConfiguration->loadConfigurationFiles(Object(Illuminate\\Foundation\\Application), Object(Illuminate\\Config\\Repository))
#2 C:\\Users\\August Lin\\Documents\\GitHub\\Mitter\\Laravel\\Mitter\\vendor\\laravel\\framework\\src\\Illuminate\\Foundation\\Application.php(211): Illuminate\\Foundation\\Bootstrap\\LoadConfiguration->bootstrap(Object(Illuminate\\Foundation\\Application))
#3 C:\\Users\\August Lin\\Documents\\GitHub\\Mitter\\Laravel\\Mitter\\vendor\\laravel\\framework\\src\\Illuminate\\Foundation\\Console\\Kernel.php(320): Illuminate\\Foundation\\Application->bootstrapWith(Array)
#4 C:\\Users\\August Lin\\Documents\\GitHub\\Mitter\\Laravel\\Mitter\\vendor\\laravel\\framework\\src\\Illuminate\\Foundation\\Console\\Kernel.php(129): Illuminate\\Foundation\\Console\\Kernel->bootstrap()
#5 C:\\Users\\August Lin\\Documents\\GitHub\\Mitter\\Laravel\\Mitter\\artisan(37): Illuminate\\Foundation\\Console\\Kernel->handle(Object(Symfony\\Component\\Console\\Input\\ArgvInput), Object(Symfony\\Component\\Console\\Output\\ConsoleOutput))
#6 {main}
"} 
